     [echo] build logged to build_05-07-2015_(20-58-05).log
init:  duration 0 seconds

setClassPath:
[pathconvert] Set property test.classpath = C:\Users\Ullas\workspace\seleniumws\SeleniumScratch:C:\Users\Ullas\workspace\seleniumws\SeleniumScratch\lib\apache-mime4j-0.6.jar:C:\Users\Ullas\workspace\seleniumws\SeleniumScratch\lib\bsh-1.3.0.jar:C:\Users\Ullas\workspace\seleniumws\SeleniumScratch\lib\bsh-2.0b4.jar:C:\Users\Ullas\workspace\seleniumws\SeleniumScratch\lib\cglib-nodep-2.1_3.jar:C:\Users\Ullas\workspace\seleniumws\SeleniumScratch\lib\commons-codec-1.10.jar:C:\Users\Ullas\workspace\seleniumws\SeleniumScratch\lib\commons-collections-3.2.1.jar:C:\Users\Ullas\workspace\seleniumws\SeleniumScratch\lib\commons-exec-1.3.jar:C:\Users\Ullas\workspace\seleniumws\SeleniumScratch\lib\commons-io-2.4.jar:C:\Users\Ullas\workspace\seleniumws\SeleniumScratch\lib\commons-lang3-3.4.jar:C:\Users\Ullas\workspace\seleniumws\SeleniumScratch\lib\commons-logging-1.1.3.jar:C:\Users\Ullas\workspace\seleniumws\SeleniumScratch\lib\cssparser-0.9.16.jar:C:\Users\Ullas\workspace\seleniumws\SeleniumScratch\lib\gson-2.3.1.jar:C:\Users\Ullas\workspace\seleniumws\SeleniumScratch\lib\guava-18.0.jar:C:\Users\Ullas\workspace\seleniumws\SeleniumScratch\lib\guava-base-r03.jar:C:\Users\Ullas\workspace\seleniumws\SeleniumScratch\lib\guava-collections-r03.jar:C:\Users\Ullas\workspace\seleniumws\SeleniumScratch\lib\hamcrest-core-1.3.jar:C:\Users\Ullas\workspace\seleniumws\SeleniumScratch\lib\hamcrest-library-1.3.jar:C:\Users\Ullas\workspace\seleniumws\SeleniumScratch\lib\htmlunit-2.17.jar:C:\Users\Ullas\workspace\seleniumws\SeleniumScratch\lib\htmlunit-core-js-2.17.jar:C:\Users\Ullas\workspace\seleniumws\SeleniumScratch\lib\httpclient-4.4.1.jar:C:\Users\Ullas\workspace\seleniumws\SeleniumScratch\lib\httpcore-4.4.1.jar:C:\Users\Ullas\workspace\seleniumws\SeleniumScratch\lib\httpmime-4.4.1.jar:C:\Users\Ullas\workspace\seleniumws\SeleniumScratch\lib\jcommander-1.29.jar:C:\Users\Ullas\workspace\seleniumws\SeleniumScratch\lib\jcommander.jar:C:\Users\Ullas\workspace\seleniumws\SeleniumScratch\lib\jetty-io-9.2.11.v20150529.jar:C:\Users\Ullas\workspace\seleniumws\SeleniumScratch\lib\jetty-util-9.2.11.v20150529.jar:C:\Users\Ullas\workspace\seleniumws\SeleniumScratch\lib\jna-4.1.0.jar:C:\Users\Ullas\workspace\seleniumws\SeleniumScratch\lib\jna-platform-4.1.0.jar:C:\Users\Ullas\workspace\seleniumws\SeleniumScratch\lib\junit-dep-4.11.jar:C:\Users\Ullas\workspace\seleniumws\SeleniumScratch\lib\nekohtml-1.9.22.jar:C:\Users\Ullas\workspace\seleniumws\SeleniumScratch\lib\netty-3.5.7.Final.jar:C:\Users\Ullas\workspace\seleniumws\SeleniumScratch\lib\phantomjsdriver-1.2.1.jar:C:\Users\Ullas\workspace\seleniumws\SeleniumScratch\lib\sac-1.3.jar:C:\Users\Ullas\workspace\seleniumws\SeleniumScratch\lib\selenium-java-2.46.0-srcs.jar:C:\Users\Ullas\workspace\seleniumws\SeleniumScratch\lib\selenium-java-2.46.0.jar:C:\Users\Ullas\workspace\seleniumws\SeleniumScratch\lib\serializer-2.7.2.jar:C:\Users\Ullas\workspace\seleniumws\SeleniumScratch\lib\snakeyaml.jar:C:\Users\Ullas\workspace\seleniumws\SeleniumScratch\lib\testng-6.8.5.jar:C:\Users\Ullas\workspace\seleniumws\SeleniumScratch\lib\testng-sources.jar:C:\Users\Ullas\workspace\seleniumws\SeleniumScratch\lib\testng.jar:C:\Users\Ullas\workspace\seleniumws\SeleniumScratch\lib\websocket-api-9.2.11.v20150529.jar:C:\Users\Ullas\workspace\seleniumws\SeleniumScratch\lib\websocket-client-9.2.11.v20150529.jar:C:\Users\Ullas\workspace\seleniumws\SeleniumScratch\lib\websocket-common-9.2.11.v20150529.jar:C:\Users\Ullas\workspace\seleniumws\SeleniumScratch\lib\xalan-2.7.2.jar:C:\Users\Ullas\workspace\seleniumws\SeleniumScratch\lib\xercesImpl-2.11.0.jar:C:\Users\Ullas\workspace\seleniumws\SeleniumScratch\lib\xml-apis-1.4.01.jar
setClassPath:  duration 0 seconds

loadTestNG:
loadTestNG:  duration 0 seconds

compile:
     [echo] classpath:C:\Users\Ullas\workspace\seleniumws\SeleniumScratch:C:\Users\Ullas\workspace\seleniumws\SeleniumScratch\lib\apache-mime4j-0.6.jar:C:\Users\Ullas\workspace\seleniumws\SeleniumScratch\lib\bsh-1.3.0.jar:C:\Users\Ullas\workspace\seleniumws\SeleniumScratch\lib\bsh-2.0b4.jar:C:\Users\Ullas\workspace\seleniumws\SeleniumScratch\lib\cglib-nodep-2.1_3.jar:C:\Users\Ullas\workspace\seleniumws\SeleniumScratch\lib\commons-codec-1.10.jar:C:\Users\Ullas\workspace\seleniumws\SeleniumScratch\lib\commons-collections-3.2.1.jar:C:\Users\Ullas\workspace\seleniumws\SeleniumScratch\lib\commons-exec-1.3.jar:C:\Users\Ullas\workspace\seleniumws\SeleniumScratch\lib\commons-io-2.4.jar:C:\Users\Ullas\workspace\seleniumws\SeleniumScratch\lib\commons-lang3-3.4.jar:C:\Users\Ullas\workspace\seleniumws\SeleniumScratch\lib\commons-logging-1.1.3.jar:C:\Users\Ullas\workspace\seleniumws\SeleniumScratch\lib\cssparser-0.9.16.jar:C:\Users\Ullas\workspace\seleniumws\SeleniumScratch\lib\gson-2.3.1.jar:C:\Users\Ullas\workspace\seleniumws\SeleniumScratch\lib\guava-18.0.jar:C:\Users\Ullas\workspace\seleniumws\SeleniumScratch\lib\guava-base-r03.jar:C:\Users\Ullas\workspace\seleniumws\SeleniumScratch\lib\guava-collections-r03.jar:C:\Users\Ullas\workspace\seleniumws\SeleniumScratch\lib\hamcrest-core-1.3.jar:C:\Users\Ullas\workspace\seleniumws\SeleniumScratch\lib\hamcrest-library-1.3.jar:C:\Users\Ullas\workspace\seleniumws\SeleniumScratch\lib\htmlunit-2.17.jar:C:\Users\Ullas\workspace\seleniumws\SeleniumScratch\lib\htmlunit-core-js-2.17.jar:C:\Users\Ullas\workspace\seleniumws\SeleniumScratch\lib\httpclient-4.4.1.jar:C:\Users\Ullas\workspace\seleniumws\SeleniumScratch\lib\httpcore-4.4.1.jar:C:\Users\Ullas\workspace\seleniumws\SeleniumScratch\lib\httpmime-4.4.1.jar:C:\Users\Ullas\workspace\seleniumws\SeleniumScratch\lib\jcommander-1.29.jar:C:\Users\Ullas\workspace\seleniumws\SeleniumScratch\lib\jcommander.jar:C:\Users\Ullas\workspace\seleniumws\SeleniumScratch\lib\jetty-io-9.2.11.v20150529.jar:C:\Users\Ullas\workspace\seleniumws\SeleniumScratch\lib\jetty-util-9.2.11.v20150529.jar:C:\Users\Ullas\workspace\seleniumws\SeleniumScratch\lib\jna-4.1.0.jar:C:\Users\Ullas\workspace\seleniumws\SeleniumScratch\lib\jna-platform-4.1.0.jar:C:\Users\Ullas\workspace\seleniumws\SeleniumScratch\lib\junit-dep-4.11.jar:C:\Users\Ullas\workspace\seleniumws\SeleniumScratch\lib\nekohtml-1.9.22.jar:C:\Users\Ullas\workspace\seleniumws\SeleniumScratch\lib\netty-3.5.7.Final.jar:C:\Users\Ullas\workspace\seleniumws\SeleniumScratch\lib\phantomjsdriver-1.2.1.jar:C:\Users\Ullas\workspace\seleniumws\SeleniumScratch\lib\sac-1.3.jar:C:\Users\Ullas\workspace\seleniumws\SeleniumScratch\lib\selenium-java-2.46.0-srcs.jar:C:\Users\Ullas\workspace\seleniumws\SeleniumScratch\lib\selenium-java-2.46.0.jar:C:\Users\Ullas\workspace\seleniumws\SeleniumScratch\lib\serializer-2.7.2.jar:C:\Users\Ullas\workspace\seleniumws\SeleniumScratch\lib\snakeyaml.jar:C:\Users\Ullas\workspace\seleniumws\SeleniumScratch\lib\testng-6.8.5.jar:C:\Users\Ullas\workspace\seleniumws\SeleniumScratch\lib\testng-sources.jar:C:\Users\Ullas\workspace\seleniumws\SeleniumScratch\lib\testng.jar:C:\Users\Ullas\workspace\seleniumws\SeleniumScratch\lib\websocket-api-9.2.11.v20150529.jar:C:\Users\Ullas\workspace\seleniumws\SeleniumScratch\lib\websocket-client-9.2.11.v20150529.jar:C:\Users\Ullas\workspace\seleniumws\SeleniumScratch\lib\websocket-common-9.2.11.v20150529.jar:C:\Users\Ullas\workspace\seleniumws\SeleniumScratch\lib\xalan-2.7.2.jar:C:\Users\Ullas\workspace\seleniumws\SeleniumScratch\lib\xercesImpl-2.11.0.jar:C:\Users\Ullas\workspace\seleniumws\SeleniumScratch\lib\xml-apis-1.4.01.jar
     [echo] compiling..........
    [javac] C:\Users\Ullas\workspace\seleniumws\SeleniumScratch\build.xml:55: warning: 'includeantruntime' was not set, defaulting to build.sysclasspath=last; set to false for repeatable builds
    [javac] SeleniumStart\DynamicBrowser.java added as SeleniumStart\DynamicBrowser.class doesn't exist.
    [javac] SeleniumStart\EmailDataProvider.java added as SeleniumStart\EmailDataProvider.class doesn't exist.
    [javac] SeleniumStart\TestNGSample.java added as SeleniumStart\TestNGSample.class doesn't exist.
    [javac] SeleniumStart\mainDynamicBrowser.java added as SeleniumStart\mainDynamicBrowser.class doesn't exist.
    [javac] Compiling 4 source files to C:\Users\Ullas\workspace\seleniumws\SeleniumScratch\build
    [javac] Using modern compiler
    [javac] Compilation arguments:
'-d'
'C:\Users\Ullas\workspace\seleniumws\SeleniumScratch\build'
'-classpath'
'C:\Users\Ullas\workspace\seleniumws\SeleniumScratch\build;C:\Users\Ullas\workspace\seleniumws\SeleniumScratch;C:\Users\Ullas\workspace\seleniumws\SeleniumScratch\lib\apache-mime4j-0.6.jar;C:\Users\Ullas\workspace\seleniumws\SeleniumScratch\lib\bsh-1.3.0.jar;C:\Users\Ullas\workspace\seleniumws\SeleniumScratch\lib\bsh-2.0b4.jar;C:\Users\Ullas\workspace\seleniumws\SeleniumScratch\lib\cglib-nodep-2.1_3.jar;C:\Users\Ullas\workspace\seleniumws\SeleniumScratch\lib\commons-codec-1.10.jar;C:\Users\Ullas\workspace\seleniumws\SeleniumScratch\lib\commons-collections-3.2.1.jar;C:\Users\Ullas\workspace\seleniumws\SeleniumScratch\lib\commons-exec-1.3.jar;C:\Users\Ullas\workspace\seleniumws\SeleniumScratch\lib\commons-io-2.4.jar;C:\Users\Ullas\workspace\seleniumws\SeleniumScratch\lib\commons-lang3-3.4.jar;C:\Users\Ullas\workspace\seleniumws\SeleniumScratch\lib\commons-logging-1.1.3.jar;C:\Users\Ullas\workspace\seleniumws\SeleniumScratch\lib\cssparser-0.9.16.jar;C:\Users\Ullas\workspace\seleniumws\SeleniumScratch\lib\gson-2.3.1.jar;C:\Users\Ullas\workspace\seleniumws\SeleniumScratch\lib\guava-18.0.jar;C:\Users\Ullas\workspace\seleniumws\SeleniumScratch\lib\guava-base-r03.jar;C:\Users\Ullas\workspace\seleniumws\SeleniumScratch\lib\guava-collections-r03.jar;C:\Users\Ullas\workspace\seleniumws\SeleniumScratch\lib\hamcrest-core-1.3.jar;C:\Users\Ullas\workspace\seleniumws\SeleniumScratch\lib\hamcrest-library-1.3.jar;C:\Users\Ullas\workspace\seleniumws\SeleniumScratch\lib\htmlunit-2.17.jar;C:\Users\Ullas\workspace\seleniumws\SeleniumScratch\lib\htmlunit-core-js-2.17.jar;C:\Users\Ullas\workspace\seleniumws\SeleniumScratch\lib\httpclient-4.4.1.jar;C:\Users\Ullas\workspace\seleniumws\SeleniumScratch\lib\httpcore-4.4.1.jar;C:\Users\Ullas\workspace\seleniumws\SeleniumScratch\lib\httpmime-4.4.1.jar;C:\Users\Ullas\workspace\seleniumws\SeleniumScratch\lib\jcommander-1.29.jar;C:\Users\Ullas\workspace\seleniumws\SeleniumScratch\lib\jcommander.jar;C:\Users\Ullas\workspace\seleniumws\SeleniumScratch\lib\jetty-io-9.2.11.v20150529.jar;C:\Users\Ullas\workspace\seleniumws\SeleniumScratch\lib\jetty-util-9.2.11.v20150529.jar;C:\Users\Ullas\workspace\seleniumws\SeleniumScratch\lib\jna-4.1.0.jar;C:\Users\Ullas\workspace\seleniumws\SeleniumScratch\lib\jna-platform-4.1.0.jar;C:\Users\Ullas\workspace\seleniumws\SeleniumScratch\lib\junit-dep-4.11.jar;C:\Users\Ullas\workspace\seleniumws\SeleniumScratch\lib\nekohtml-1.9.22.jar;C:\Users\Ullas\workspace\seleniumws\SeleniumScratch\lib\netty-3.5.7.Final.jar;C:\Users\Ullas\workspace\seleniumws\SeleniumScratch\lib\phantomjsdriver-1.2.1.jar;C:\Users\Ullas\workspace\seleniumws\SeleniumScratch\lib\sac-1.3.jar;C:\Users\Ullas\workspace\seleniumws\SeleniumScratch\lib\selenium-java-2.46.0-srcs.jar;C:\Users\Ullas\workspace\seleniumws\SeleniumScratch\lib\selenium-java-2.46.0.jar;C:\Users\Ullas\workspace\seleniumws\SeleniumScratch\lib\serializer-2.7.2.jar;C:\Users\Ullas\workspace\seleniumws\SeleniumScratch\lib\snakeyaml.jar;C:\Users\Ullas\workspace\seleniumws\SeleniumScratch\lib\testng-6.8.5.jar;C:\Users\Ullas\workspace\seleniumws\SeleniumScratch\lib\testng-sources.jar;C:\Users\Ullas\workspace\seleniumws\SeleniumScratch\lib\testng.jar;C:\Users\Ullas\workspace\seleniumws\SeleniumScratch\lib\websocket-api-9.2.11.v20150529.jar;C:\Users\Ullas\workspace\seleniumws\SeleniumScratch\lib\websocket-client-9.2.11.v20150529.jar;C:\Users\Ullas\workspace\seleniumws\SeleniumScratch\lib\websocket-common-9.2.11.v20150529.jar;C:\Users\Ullas\workspace\seleniumws\SeleniumScratch\lib\xalan-2.7.2.jar;C:\Users\Ullas\workspace\seleniumws\SeleniumScratch\lib\xercesImpl-2.11.0.jar;C:\Users\Ullas\workspace\seleniumws\SeleniumScratch\lib\xml-apis-1.4.01.jar;D:\softwares\apache-ant-1.9.4\lib\ant-launcher.jar;D:\softwares\apache-ant-1.9.4\lib\ant-antlr.jar;D:\softwares\apache-ant-1.9.4\lib\ant-apache-bcel.jar;D:\softwares\apache-ant-1.9.4\lib\ant-apache-bsf.jar;D:\softwares\apache-ant-1.9.4\lib\ant-apache-log4j.jar;D:\softwares\apache-ant-1.9.4\lib\ant-apache-oro.jar;D:\softwares\apache-ant-1.9.4\lib\ant-apache-regexp.jar;D:\softwares\apache-ant-1.9.4\lib\ant-apache-resolver.jar;D:\softwares\apache-ant-1.9.4\lib\ant-apache-xalan2.jar;D:\softwares\apache-ant-1.9.4\lib\ant-commons-logging.jar;D:\softwares\apache-ant-1.9.4\lib\ant-commons-net.jar;D:\softwares\apache-ant-1.9.4\lib\ant-jai.jar;D:\softwares\apache-ant-1.9.4\lib\ant-javamail.jar;D:\softwares\apache-ant-1.9.4\lib\ant-jdepend.jar;D:\softwares\apache-ant-1.9.4\lib\ant-jmf.jar;D:\softwares\apache-ant-1.9.4\lib\ant-jsch.jar;D:\softwares\apache-ant-1.9.4\lib\ant-junit.jar;D:\softwares\apache-ant-1.9.4\lib\ant-junit4.jar;D:\softwares\apache-ant-1.9.4\lib\ant-netrexx.jar;D:\softwares\apache-ant-1.9.4\lib\ant-swing.jar;D:\softwares\apache-ant-1.9.4\lib\ant-testutil.jar;D:\softwares\apache-ant-1.9.4\lib\ant.jar;C:\Program Files\Java\jre8\lib\tools.jar'
'-sourcepath'
'C:\Users\Ullas\workspace\seleniumws\SeleniumScratch\src'
'-g:none'

The ' characters around the executable and arguments are
not part of the command.
    [javac] Files to be compiled:
    C:\Users\Ullas\workspace\seleniumws\SeleniumScratch\src\SeleniumStart\DynamicBrowser.java
    C:\Users\Ullas\workspace\seleniumws\SeleniumScratch\src\SeleniumStart\EmailDataProvider.java
    C:\Users\Ullas\workspace\seleniumws\SeleniumScratch\src\SeleniumStart\TestNGSample.java
    C:\Users\Ullas\workspace\seleniumws\SeleniumScratch\src\SeleniumStart\mainDynamicBrowser.java
compile:  duration 1 second

runTests:
   [testng] Executing 'C:\Program Files\Java\jre8\bin\java.exe' with arguments:
'-ea'
'-classpath'
'C:\Users\Ullas\workspace\seleniumws\SeleniumScratch;C:\Users\Ullas\workspace\seleniumws\SeleniumScratch\lib\apache-mime4j-0.6.jar;C:\Users\Ullas\workspace\seleniumws\SeleniumScratch\lib\bsh-1.3.0.jar;C:\Users\Ullas\workspace\seleniumws\SeleniumScratch\lib\bsh-2.0b4.jar;C:\Users\Ullas\workspace\seleniumws\SeleniumScratch\lib\cglib-nodep-2.1_3.jar;C:\Users\Ullas\workspace\seleniumws\SeleniumScratch\lib\commons-codec-1.10.jar;C:\Users\Ullas\workspace\seleniumws\SeleniumScratch\lib\commons-collections-3.2.1.jar;C:\Users\Ullas\workspace\seleniumws\SeleniumScratch\lib\commons-exec-1.3.jar;C:\Users\Ullas\workspace\seleniumws\SeleniumScratch\lib\commons-io-2.4.jar;C:\Users\Ullas\workspace\seleniumws\SeleniumScratch\lib\commons-lang3-3.4.jar;C:\Users\Ullas\workspace\seleniumws\SeleniumScratch\lib\commons-logging-1.1.3.jar;C:\Users\Ullas\workspace\seleniumws\SeleniumScratch\lib\cssparser-0.9.16.jar;C:\Users\Ullas\workspace\seleniumws\SeleniumScratch\lib\gson-2.3.1.jar;C:\Users\Ullas\workspace\seleniumws\SeleniumScratch\lib\guava-18.0.jar;C:\Users\Ullas\workspace\seleniumws\SeleniumScratch\lib\guava-base-r03.jar;C:\Users\Ullas\workspace\seleniumws\SeleniumScratch\lib\guava-collections-r03.jar;C:\Users\Ullas\workspace\seleniumws\SeleniumScratch\lib\hamcrest-core-1.3.jar;C:\Users\Ullas\workspace\seleniumws\SeleniumScratch\lib\hamcrest-library-1.3.jar;C:\Users\Ullas\workspace\seleniumws\SeleniumScratch\lib\htmlunit-2.17.jar;C:\Users\Ullas\workspace\seleniumws\SeleniumScratch\lib\htmlunit-core-js-2.17.jar;C:\Users\Ullas\workspace\seleniumws\SeleniumScratch\lib\httpclient-4.4.1.jar;C:\Users\Ullas\workspace\seleniumws\SeleniumScratch\lib\httpcore-4.4.1.jar;C:\Users\Ullas\workspace\seleniumws\SeleniumScratch\lib\httpmime-4.4.1.jar;C:\Users\Ullas\workspace\seleniumws\SeleniumScratch\lib\jcommander-1.29.jar;C:\Users\Ullas\workspace\seleniumws\SeleniumScratch\lib\jcommander.jar;C:\Users\Ullas\workspace\seleniumws\SeleniumScratch\lib\jetty-io-9.2.11.v20150529.jar;C:\Users\Ullas\workspace\seleniumws\SeleniumScratch\lib\jetty-util-9.2.11.v20150529.jar;C:\Users\Ullas\workspace\seleniumws\SeleniumScratch\lib\jna-4.1.0.jar;C:\Users\Ullas\workspace\seleniumws\SeleniumScratch\lib\jna-platform-4.1.0.jar;C:\Users\Ullas\workspace\seleniumws\SeleniumScratch\lib\junit-dep-4.11.jar;C:\Users\Ullas\workspace\seleniumws\SeleniumScratch\lib\nekohtml-1.9.22.jar;C:\Users\Ullas\workspace\seleniumws\SeleniumScratch\lib\netty-3.5.7.Final.jar;C:\Users\Ullas\workspace\seleniumws\SeleniumScratch\lib\phantomjsdriver-1.2.1.jar;C:\Users\Ullas\workspace\seleniumws\SeleniumScratch\lib\sac-1.3.jar;C:\Users\Ullas\workspace\seleniumws\SeleniumScratch\lib\selenium-java-2.46.0-srcs.jar;C:\Users\Ullas\workspace\seleniumws\SeleniumScratch\lib\selenium-java-2.46.0.jar;C:\Users\Ullas\workspace\seleniumws\SeleniumScratch\lib\serializer-2.7.2.jar;C:\Users\Ullas\workspace\seleniumws\SeleniumScratch\lib\snakeyaml.jar;C:\Users\Ullas\workspace\seleniumws\SeleniumScratch\lib\testng-6.8.5.jar;C:\Users\Ullas\workspace\seleniumws\SeleniumScratch\lib\testng-sources.jar;C:\Users\Ullas\workspace\seleniumws\SeleniumScratch\lib\testng.jar;C:\Users\Ullas\workspace\seleniumws\SeleniumScratch\lib\websocket-api-9.2.11.v20150529.jar;C:\Users\Ullas\workspace\seleniumws\SeleniumScratch\lib\websocket-client-9.2.11.v20150529.jar;C:\Users\Ullas\workspace\seleniumws\SeleniumScratch\lib\websocket-common-9.2.11.v20150529.jar;C:\Users\Ullas\workspace\seleniumws\SeleniumScratch\lib\xalan-2.7.2.jar;C:\Users\Ullas\workspace\seleniumws\SeleniumScratch\lib\xercesImpl-2.11.0.jar;C:\Users\Ullas\workspace\seleniumws\SeleniumScratch\lib\xml-apis-1.4.01.jar;C:\Users\Ullas\workspace\seleniumws\SeleniumScratch\build'
'org.testng.TestNG'
'@C:\Users\Ullas\AppData\Local\Temp\testng2521926000660153050'

The ' characters around the executable and arguments are
not part of the command.
   [testng] [TestNG] Running:
   [testng]   C:\Users\Ullas\workspace\seleniumws\SeleniumScratch\TestNg.xml
   [testng] 
   [testng] Gmail openedAfter all Test
   [testng] Before  all Test
   [testng] Before each test
   [testng] Test 1: Radio button Selected is true
   [testng] After assertion
   [testng] After each test
   [testng] Before each test
   [testng] After each test
   [testng] After all Test
   [testng] 
   [testng] ===============================================
   [testng] My sample suite
   [testng] Total tests run: 3, Failures: 0, Skips: 1
   [testng] ===============================================
   [testng] 
runTests:  duration 58 seconds

report:
    [mkdir] Created dir: C:\Users\Ullas\workspace\seleniumws\SeleniumScratch\testng-xslt
report:  duration 0 seconds

BUILD FAILED

C:\Users\Ullas\workspace\seleniumws\SeleniumScratch\build.xml:68: java.lang.ClassNotFoundException: SaxonLiaison
	at org.apache.tools.ant.taskdefs.XSLTProcess.handleError(XSLTProcess.java:1428)
	at org.apache.tools.ant.taskdefs.XSLTProcess.getLiaison(XSLTProcess.java:945)
	at org.apache.tools.ant.taskdefs.XSLTProcess.execute(XSLTProcess.java:374)
	at org.apache.tools.ant.UnknownElement.execute(UnknownElement.java:292)
	at sun.reflect.GeneratedMethodAccessor4.invoke(Unknown Source)
	at sun.reflect.DelegatingMethodAccessorImpl.invoke(Unknown Source)
	at java.lang.reflect.Method.invoke(Unknown Source)
	at org.apache.tools.ant.dispatch.DispatchUtils.execute(DispatchUtils.java:106)
	at org.apache.tools.ant.Task.perform(Task.java:348)
	at org.apache.tools.ant.Target.execute(Target.java:435)
	at org.apache.tools.ant.Target.performTasks(Target.java:456)
	at org.apache.tools.ant.Project.executeSortedTargets(Project.java:1393)
	at org.apache.tools.ant.Project.executeTarget(Project.java:1364)
	at org.apache.tools.ant.helper.DefaultExecutor.executeTargets(DefaultExecutor.java:41)
	at org.apache.tools.ant.Project.executeTargets(Project.java:1248)
	at org.apache.tools.ant.Main.runBuild(Main.java:851)
	at org.apache.tools.ant.Main.startAnt(Main.java:235)
	at org.apache.tools.ant.launch.Launcher.run(Launcher.java:280)
	at org.apache.tools.ant.launch.Launcher.main(Launcher.java:109)
Caused by: java.lang.ClassNotFoundException: SaxonLiaison
	at org.apache.tools.ant.AntClassLoader.findClassInComponents(AntClassLoader.java:1374)
	at org.apache.tools.ant.AntClassLoader.findClass(AntClassLoader.java:1323)
	at org.apache.tools.ant.AntClassLoader.loadClass(AntClassLoader.java:1076)
	at java.lang.ClassLoader.loadClass(Unknown Source)
	at java.lang.Class.forName0(Native Method)
	at java.lang.Class.forName(Unknown Source)
	at org.apache.tools.ant.taskdefs.XSLTProcess.loadClass(XSLTProcess.java:724)
	at org.apache.tools.ant.taskdefs.XSLTProcess.resolveProcessor(XSLTProcess.java:705)
	at org.apache.tools.ant.taskdefs.XSLTProcess.getLiaison(XSLTProcess.java:943)
	... 17 more
